<?xml version="1.0" encoding="UTF-8"?>
<testsuite xmlns:xsi="http://www.w3.org/2001/XMLSchema-instance" xsi:noNamespaceSchemaLocation="https://maven.apache.org/surefire/maven-surefire-plugin/xsd/surefire-test-report-3.0.xsd" version="3.0" name="com.firstclub.membership.web.MembershipApiIntegrationTest" time="2.96" tests="12" errors="0" skipped="0" failures="0">
  <properties>
[...]
</properties>
  <testcase name="reconciliationEndpointIsIdempotentWhenNothingChanged" classname="com.firstclub.membership.web.MembershipApiIntegrationTest" time="0.393">
    <system-out><![CDATA[21:33:12.474 [main] INFO org.springframework.test.context.support.AnnotationConfigContextLoaderUtils -- Could not detect default configuration classes for test class [com.firstclub.membership.web.MembershipApiIntegrationTest]: MembershipApiIntegrationTest does not declare any static, non-private, non-final, nested classes annotated with @Configuration.
21:33:12.532 [main] INFO org.springframework.boot.test.context.SpringBootTestContextBootstrapper -- Found @SpringBootConfiguration com.firstclub.membership.MembershipApplication for test class com.firstclub.membership.web.MembershipApiIntegrationTest

  .   ____          _            __ _ _
 /\\ / ___'_ __ _ _(_)_ __  __ _ \ \ \ \
( ( )\___ | '_ | '_| | '_ \/ _` | \ \ \ \
 \\/  ___)| |_)| | | | | || (_| |  ) ) ) )
  '  |____| .__|_| |_|_| |_\__, | / / / /
 =========|_|==============|___/=/_/_/_/
 :: Spring Boot ::                (v3.2.5)

2026-09-19T21:33:12.706+05:30  INFO 74770 --- [firstclub-membership] [           main] c.f.m.web.MembershipApiIntegrationTest   : Starting MembershipApiIntegrationTest using Java 27 with PID 74770 (started by amritraj in /Users/amritraj/Downloads/firstclub-membership 2)
2026-09-19T21:33:12.706+05:30  INFO 74770 --- [firstclub-membership] [           main] c.f.m.web.MembershipApiIntegrationTest   : No active profile set, falling back to 1 default profile: "default"
2026-09-19T21:33:12.980+05:30  INFO 74770 --- [firstclub-membership] [           main] .s.d.r.c.RepositoryConfigurationDelegate : Bootstrapping Spring Data JPA repositories in DEFAULT mode.
2026-09-19T21:33:13.007+05:30  INFO 74770 --- [firstclub-membership] [           main] .s.d.r.c.RepositoryConfigurationDelegate : Finished Spring Data repository scanning in 23 ms. Found 7 JPA repository interfaces.
2026-09-19T21:33:13.223+05:30  INFO 74770 --- [firstclub-membership] [           main] o.s.b.w.embedded.tomcat.TomcatWebServer  : Tomcat initialized with port 0 (http)
2026-09-19T21:33:13.228+05:30  INFO 74770 --- [firstclub-membership] [           main] o.apache.catalina.core.StandardService   : Starting service [Tomcat]
2026-09-19T21:33:13.228+05:30  INFO 74770 --- [firstclub-membership] [           main] o.apache.catalina.core.StandardEngine    : Starting Servlet engine: [Apache Tomcat/10.1.20]
2026-09-19T21:33:13.246+05:30  INFO 74770 --- [firstclub-membership] [           main] o.a.c.c.C.[Tomcat].[localhost].[/]       : Initializing Spring embedded WebApplicationContext
2026-09-19T21:33:13.247+05:30  INFO 74770 --- [firstclub-membership] [           main] w.s.c.ServletWebServerApplicationContext : Root WebApplicationContext: initialization completed in 530 ms
2026-09-19T21:33:13.262+05:30  INFO 74770 --- [firstclub-membership] [           main] com.zaxxer.hikari.HikariDataSource       : HikariPool-1 - Starting...
2026-09-19T21:33:13.333+05:30  INFO 74770 --- [firstclub-membership] [           main] com.zaxxer.hikari.pool.HikariPool        : HikariPool-1 - Added connection conn0: url=jdbc:h2:mem:membershipdb user=SA
2026-09-19T21:33:13.334+05:30  INFO 74770 --- [firstclub-membership] [           main] com.zaxxer.hikari.HikariDataSource       : HikariPool-1 - Start completed.
2026-09-19T21:33:13.339+05:30  INFO 74770 --- [firstclub-membership] [           main] o.s.b.a.h2.H2ConsoleAutoConfiguration    : H2 console available at '/h2-console'. Database available at 'jdbc:h2:mem:membershipdb'
2026-09-19T21:33:13.400+05:30  INFO 74770 --- [firstclub-membership] [           main] o.hibernate.jpa.internal.util.LogHelper  : HHH000204: Processing PersistenceUnitInfo [name: default]
2026-09-19T21:33:13.424+05:30  INFO 74770 --- [firstclub-membership] [           main] org.hibernate.Version                    : HHH000412: Hibernate ORM core version 6.4.4.Final
2026-09-19T21:33:13.438+05:30  INFO 74770 --- [firstclub-membership] [           main] o.h.c.internal.RegionFactoryInitiator    : HHH000026: Second-level cache disabled
2026-09-19T21:33:13.520+05:30  INFO 74770 --- [firstclub-membership] [           main] o.s.o.j.p.SpringPersistenceUnitInfo      : No LoadTimeWeaver setup: ignoring JPA class transformer
2026-09-19T21:33:13.944+05:30  INFO 74770 --- [firstclub-membership] [           main] o.h.e.t.j.p.i.JtaPlatformInitiator       : HHH000489: No JTA platform available (set 'hibernate.transaction.jta.platform' to enable JTA platform integration)
2026-09-19T21:33:13.981+05:30  INFO 74770 --- [firstclub-membership] [           main] j.LocalContainerEntityManagerFactoryBean : Initialized JPA EntityManagerFactory for persistence unit 'default'
2026-09-19T21:33:14.162+05:30  INFO 74770 --- [firstclub-membership] [           main] o.s.d.j.r.query.QueryEnhancerFactory     : Hibernate is in classpath; If applicable, HQL parser will be used.
2026-09-19T21:33:14.557+05:30  INFO 74770 --- [firstclub-membership] [           main] o.s.b.w.embedded.tomcat.TomcatWebServer  : Tomcat started on port 54890 (http) with context path ''
2026-09-19T21:33:14.562+05:30  INFO 74770 --- [firstclub-membership] [           main] c.f.m.web.MembershipApiIntegrationTest   : Started MembershipApiIntegrationTest in 1.983 seconds (process running for 2.349)
2026-09-19T21:33:14.669+05:30  INFO 74770 --- [firstclub-membership] [           main] c.f.m.s.TierReevaluationTransaction      : Promoting/adjusting user 3 from tier SILVER to GOLD based on order activity
2026-09-19T21:33:14.679+05:30  INFO 74770 --- [firstclub-membership] [           main] c.f.m.s.TierReevaluationTransaction      : Promoting/adjusting user 4 from tier SILVER to GOLD based on order activity
2026-09-19T21:33:14.683+05:30  INFO 74770 --- [firstclub-membership] [           main] c.f.m.s.TierReevaluationTransaction      : Promoting/adjusting user 5 from tier SILVER to PLATINUM based on order activity
2026-09-19T21:33:14.687+05:30  INFO 74770 --- [firstclub-membership] [           main] c.f.m.s.TierReevaluationTransaction      : Promoting/adjusting user 6 from tier SILVER to PLATINUM based on order activity
2026-09-19T21:33:14.978+05:30  INFO 74770 --- [firstclub-membership] [o-auto-1-exec-1] o.a.c.c.C.[Tomcat].[localhost].[/]       : Initializing Spring DispatcherServlet 'dispatcherServlet'
2026-09-19T21:33:14.978+05:30  INFO 74770 --- [firstclub-membership] [o-auto-1-exec-1] o.s.web.servlet.DispatcherServlet        : Initializing Servlet 'dispatcherServlet'
2026-09-19T21:33:14.979+05:30  INFO 74770 --- [firstclub-membership] [o-auto-1-exec-1] o.s.web.servlet.DispatcherServlet        : Completed initialization in 1 ms
]]></system-out>
    <system-err><![CDATA[WARNING: A Java agent has been loaded dynamically (/Users/amritraj/.m2/repository/net/bytebuddy/byte-buddy-agent/1.14.13/byte-buddy-agent-1.14.13.jar)
WARNING: If a serviceability tool is in use, please run with -XX:+EnableDynamicAgentLoading to hide this warning
WARNING: If a serviceability tool is not in use, please run with -Djdk.instrument.traceUsage for more information
WARNING: Dynamic loading of agents will be disallowed by default in a future release
]]></system-err>
  </testcase>
  <testcase name="unknownUserMembershipReturns404" classname="com.firstclub.membership.web.MembershipApiIntegrationTest" time="0.008"/>
  <testcase name="exclusiveDealOverridesGeneralDiscount_andEarlyAccessShowsItsConfiguredDays" classname="com.firstclub.membership.web.MembershipApiIntegrationTest" time="0.028"/>
  <testcase name="subscribeThenTrackThenCancel" classname="com.firstclub.membership.web.MembershipApiIntegrationTest" time="0.023"/>
  <testcase name="tierApiShowsCalendarMonthDefaultAndTheOptInRollingCriterion" classname="com.firstclub.membership.web.MembershipApiIntegrationTest" time="0.004"/>
  <testcase name="cancellingTwiceIsRejectedAsUnprocessable" classname="com.firstclub.membership.web.MembershipApiIntegrationTest" time="0.013"/>
  <testcase name="orderActivityPromotesTier_manualOverrideIsRespected_thenClearedByNextOrder" classname="com.firstclub.membership.web.MembershipApiIntegrationTest" time="0.123">
    <system-out><![CDATA[2026-09-19T21:33:15.270+05:30  INFO 74770 --- [firstclub-membership] [o-auto-1-exec-5] c.f.m.s.TierReevaluationTransaction      : Promoting/adjusting user 12 from tier SILVER to GOLD based on order activity
2026-09-19T21:33:15.289+05:30  INFO 74770 --- [firstclub-membership] [o-auto-1-exec-8] c.f.m.s.TierReevaluationTransaction      : Promoting/adjusting user 12 from tier SILVER to GOLD based on order activity
]]></system-out>
  </testcase>
  <testcase name="categorySpecificDiscountOverridesGlobalDiscount_doesNotStack" classname="com.firstclub.membership.web.MembershipApiIntegrationTest" time="0.015"/>
  <testcase name="afterCancelUserCanSubscribeAgain" classname="com.firstclub.membership.web.MembershipApiIntegrationTest" time="0.016"/>
  <testcase name="concurrentSubscribeAttempts_onlyOneSucceeds" classname="com.firstclub.membership.web.MembershipApiIntegrationTest" time="0.014">
    <system-out><![CDATA[2026-09-19T21:33:15.334+05:30  WARN 74770 --- [firstclub-membership] [o-auto-1-exec-6] o.h.engine.jdbc.spi.SqlExceptionHelper   : SQL Error: 23505, SQLState: 23505
2026-09-19T21:33:15.334+05:30 ERROR 74770 --- [firstclub-membership] [o-auto-1-exec-6] o.h.engine.jdbc.spi.SqlExceptionHelper   : Unique index or primary key violation: "PUBLIC.UKI54FTIBUX1HW1FDORH7QGDUOE_INDEX_8 ON PUBLIC.ACTIVE_MEMBERSHIP_LOCK(USER_ID NULLS FIRST) VALUES ( /* 14 */ CAST(15 AS BIGINT) )"; SQL statement:
insert into active_membership_lock (subscription_id,user_id,id) values (?,?,default) [23505-224]
2026-09-19T21:33:15.337+05:30  WARN 74770 --- [firstclub-membership] [o-auto-1-exec-6] c.f.m.s.SubscriptionMutationTransactions : Concurrent duplicate-subscribe detected for user 15 at the DB constraint
]]></system-out>
  </testcase>
  <testcase name="protectedAdminApiUpdatesBenefitAndCheckoutUsesNewValueImmediately" classname="com.firstclub.membership.web.MembershipApiIntegrationTest" time="0.026"/>
  <testcase name="subscribingTwiceWhileActiveIsRejectedWith409" classname="com.firstclub.membership.web.MembershipApiIntegrationTest" time="0.013"/>
</testsuite>